
SQL*Loader: Release 11.2.0.2.0 - Production on Œr Cze 13 06:23:40 2018

Copyright (c) 1982, 2009, Oracle and/or its affiliates.  All rights reserved.

Control File:   Linia.txt
Data File:      Linia.csv
  Bad File:     Linia.bad
  Discard File:  none specified
 
 (Allow all discards)

Number to load: ALL
Number to skip: 0
Errors allowed: 50
Bind array:     64 rows, maximum of 256000 bytes
Continuation:    none specified
Path used:      Conventional

Table LINIA, loaded from every logical record.
Insert option in effect for this table: INSERT

   Column Name                  Position   Len  Term Encl Datatype
------------------------------ ---------- ----- ---- ---- ---------------------
ID_LINII                            FIRST     *   ,       CHARACTER            
RODZAJ_LINII                         NEXT     *   ,       CHARACTER            
ID_ROZKLADU                          NEXT     *   ,       CHARACTER            


Table LINIA:
  500 Rows successfully loaded.
  0 Rows not loaded due to data errors.
  0 Rows not loaded because all WHEN clauses were failed.
  0 Rows not loaded because all fields were null.


Space allocated for bind array:                  49536 bytes(64 rows)
Read   buffer bytes: 1048576

Total logical records skipped:          0
Total logical records read:           500
Total logical records rejected:         0
Total logical records discarded:        0

Run began on Œr Cze 13 06:23:40 2018
Run ended on Œr Cze 13 06:23:40 2018

Elapsed time was:     00:00:00.05
CPU time was:         00:00:00.03
