
SQL*Loader: Release 11.2.0.2.0 - Production on Œr Cze 13 06:23:41 2018

Copyright (c) 1982, 2009, Oracle and/or its affiliates.  All rights reserved.

Control File:   PRZEJAZD.txt
Data File:      PRZEJAZD.csv
  Bad File:     PRZEJAZD.bad
  Discard File:  none specified
 
 (Allow all discards)

Number to load: ALL
Number to skip: 0
Errors allowed: 50
Bind array:     64 rows, maximum of 256000 bytes
Continuation:    none specified
Path used:      Conventional

Table PRZEJAZD, loaded from every logical record.
Insert option in effect for this table: INSERT

   Column Name                  Position   Len  Term Encl Datatype
------------------------------ ---------- ----- ---- ---- ---------------------
ID_PRZEJAZDU                        FIRST     *   ,       CHARACTER            
ID_CZASU                             NEXT     *   ,       CHARACTER            
ID_FIRMY                             NEXT     *   ,       CHARACTER            
ID_LINII                             NEXT     *   ,       CHARACTER            
ID_PRACOWNIKA                        NEXT     *   ,       CHARACTER            
ID_POJAZDU                           NEXT     *   ,       CHARACTER            
ID_MIASTA                            NEXT     *   ,       CHARACTER            
LICZBA_BIL_NORMALNYCH                NEXT     *   ,       CHARACTER            
LICZBA_BIL_ULGOWYCH                  NEXT     *   ,       CHARACTER            
LICZBA_BIL_MIESIECZNYCH              NEXT     *   ,       CHARACTER            
ILOSC_SKASOW_BILETOW                 NEXT     *   ,       CHARACTER            
CALKOWITY_ZYSK                       NEXT     *   ,       CHARACTER            
LICZBA_KILOMETROW                    NEXT     *   ,       CHARACTER            
CZAS_TRWANIA                         NEXT     *   ,       CHARACTER            


Table PRZEJAZD:
  5000 Rows successfully loaded.
  0 Rows not loaded due to data errors.
  0 Rows not loaded because all WHEN clauses were failed.
  0 Rows not loaded because all fields were null.


Space allocated for bind array:                 231168 bytes(64 rows)
Read   buffer bytes: 1048576

Total logical records skipped:          0
Total logical records read:          5000
Total logical records rejected:         0
Total logical records discarded:        0

Run began on Œr Cze 13 06:23:41 2018
Run ended on Œr Cze 13 06:23:41 2018

Elapsed time was:     00:00:00.77
CPU time was:         00:00:00.03
